  Enemy.cpp
sfml-graphics-s-d.lib(BlendMode.cpp.obj) : warning LNK4099: PDB 'vc140.pdb' was not found with 'sfml-graphics-s-d.lib(BlendMode.cpp.obj)' or at 'C:\Users\Michael Nightmare\Documents\GitHub\ZeldaBattleCloneProto\Zelda Clone\Engine\x64\Debug\vc140.pdb'; linking object as if no debug info
sfml-graphics-s-d.lib(Color.cpp.obj) : warning LNK4099: PDB 'vc140.pdb' was not found with 'sfml-graphics-s-d.lib(Color.cpp.obj)' or at 'C:\Users\Michael Nightmare\Documents\GitHub\ZeldaBattleCloneProto\Zelda Clone\Engine\x64\Debug\vc140.pdb'; linking object as if no debug info
sfml-graphics-s-d.lib(Font.cpp.obj) : warning LNK4099: PDB 'vc140.pdb' was not found with 'sfml-graphics-s-d.lib(Font.cpp.obj)' or at 'C:\Users\Michael Nightmare\Documents\GitHub\ZeldaBattleCloneProto\Zelda Clone\Engine\x64\Debug\vc140.pdb'; linking object as if no debug info
sfml-graphics-s-d.lib(GLCheck.cpp.obj) : warning LNK4099: PDB 'vc140.pdb' was not found with 'sfml-graphics-s-d.lib(GLCheck.cpp.obj)' or at 'C:\Users\Michael Nightmare\Documents\GitHub\ZeldaBattleCloneProto\Zelda Clone\Engine\x64\Debug\vc140.pdb'; linking object as if no debug info
sfml-graphics-s-d.lib(GLExtensions.cpp.obj) : warning LNK4099: PDB 'vc140.pdb' was not found with 'sfml-graphics-s-d.lib(GLExtensions.cpp.obj)' or at 'C:\Users\Michael Nightmare\Documents\GitHub\ZeldaBattleCloneProto\Zelda Clone\Engine\x64\Debug\vc140.pdb'; linking object as if no debug info
sfml-graphics-s-d.lib(Image.cpp.obj) : warning LNK4099: PDB 'vc140.pdb' was not found with 'sfml-graphics-s-d.lib(Image.cpp.obj)' or at 'C:\Users\Michael Nightmare\Documents\GitHub\ZeldaBattleCloneProto\Zelda Clone\Engine\x64\Debug\vc140.pdb'; linking object as if no debug info
sfml-graphics-s-d.lib(ImageLoader.cpp.obj) : warning LNK4099: PDB 'vc140.pdb' was not found with 'sfml-graphics-s-d.lib(ImageLoader.cpp.obj)' or at 'C:\Users\Michael Nightmare\Documents\GitHub\ZeldaBattleCloneProto\Zelda Clone\Engine\x64\Debug\vc140.pdb'; linking object as if no debug info
sfml-graphics-s-d.lib(RenderStates.cpp.obj) : warning LNK4099: PDB 'vc140.pdb' was not found with 'sfml-graphics-s-d.lib(RenderStates.cpp.obj)' or at 'C:\Users\Michael Nightmare\Documents\GitHub\ZeldaBattleCloneProto\Zelda Clone\Engine\x64\Debug\vc140.pdb'; linking object as if no debug info
sfml-graphics-s-d.lib(RenderTarget.cpp.obj) : warning LNK4099: PDB 'vc140.pdb' was not found with 'sfml-graphics-s-d.lib(RenderTarget.cpp.obj)' or at 'C:\Users\Michael Nightmare\Documents\GitHub\ZeldaBattleCloneProto\Zelda Clone\Engine\x64\Debug\vc140.pdb'; linking object as if no debug info
sfml-graphics-s-d.lib(RenderWindow.cpp.obj) : warning LNK4099: PDB 'vc140.pdb' was not found with 'sfml-graphics-s-d.lib(RenderWindow.cpp.obj)' or at 'C:\Users\Michael Nightmare\Documents\GitHub\ZeldaBattleCloneProto\Zelda Clone\Engine\x64\Debug\vc140.pdb'; linking object as if no debug info
sfml-graphics-s-d.lib(Shader.cpp.obj) : warning LNK4099: PDB 'vc140.pdb' was not found with 'sfml-graphics-s-d.lib(Shader.cpp.obj)' or at 'C:\Users\Michael Nightmare\Documents\GitHub\ZeldaBattleCloneProto\Zelda Clone\Engine\x64\Debug\vc140.pdb'; linking object as if no debug info
sfml-graphics-s-d.lib(Texture.cpp.obj) : warning LNK4099: PDB 'vc140.pdb' was not found with 'sfml-graphics-s-d.lib(Texture.cpp.obj)' or at 'C:\Users\Michael Nightmare\Documents\GitHub\ZeldaBattleCloneProto\Zelda Clone\Engine\x64\Debug\vc140.pdb'; linking object as if no debug info
sfml-graphics-s-d.lib(TextureSaver.cpp.obj) : warning LNK4099: PDB 'vc140.pdb' was not found with 'sfml-graphics-s-d.lib(TextureSaver.cpp.obj)' or at 'C:\Users\Michael Nightmare\Documents\GitHub\ZeldaBattleCloneProto\Zelda Clone\Engine\x64\Debug\vc140.pdb'; linking object as if no debug info
sfml-graphics-s-d.lib(Transform.cpp.obj) : warning LNK4099: PDB 'vc140.pdb' was not found with 'sfml-graphics-s-d.lib(Transform.cpp.obj)' or at 'C:\Users\Michael Nightmare\Documents\GitHub\ZeldaBattleCloneProto\Zelda Clone\Engine\x64\Debug\vc140.pdb'; linking object as if no debug info
sfml-graphics-s-d.lib(Transformable.cpp.obj) : warning LNK4099: PDB 'vc140.pdb' was not found with 'sfml-graphics-s-d.lib(Transformable.cpp.obj)' or at 'C:\Users\Michael Nightmare\Documents\GitHub\ZeldaBattleCloneProto\Zelda Clone\Engine\x64\Debug\vc140.pdb'; linking object as if no debug info
sfml-graphics-s-d.lib(View.cpp.obj) : warning LNK4099: PDB 'vc140.pdb' was not found with 'sfml-graphics-s-d.lib(View.cpp.obj)' or at 'C:\Users\Michael Nightmare\Documents\GitHub\ZeldaBattleCloneProto\Zelda Clone\Engine\x64\Debug\vc140.pdb'; linking object as if no debug info
sfml-graphics-s-d.lib(Vertex.cpp.obj) : warning LNK4099: PDB 'vc140.pdb' was not found with 'sfml-graphics-s-d.lib(Vertex.cpp.obj)' or at 'C:\Users\Michael Nightmare\Documents\GitHub\ZeldaBattleCloneProto\Zelda Clone\Engine\x64\Debug\vc140.pdb'; linking object as if no debug info
sfml-graphics-s-d.lib(GLLoader.cpp.obj) : warning LNK4099: PDB 'vc140.pdb' was not found with 'sfml-graphics-s-d.lib(GLLoader.cpp.obj)' or at 'C:\Users\Michael Nightmare\Documents\GitHub\ZeldaBattleCloneProto\Zelda Clone\Engine\x64\Debug\vc140.pdb'; linking object as if no debug info
sfml-graphics-s-d.lib(Shape.cpp.obj) : warning LNK4099: PDB 'vc140.pdb' was not found with 'sfml-graphics-s-d.lib(Shape.cpp.obj)' or at 'C:\Users\Michael Nightmare\Documents\GitHub\ZeldaBattleCloneProto\Zelda Clone\Engine\x64\Debug\vc140.pdb'; linking object as if no debug info
sfml-graphics-s-d.lib(RectangleShape.cpp.obj) : warning LNK4099: PDB 'vc140.pdb' was not found with 'sfml-graphics-s-d.lib(RectangleShape.cpp.obj)' or at 'C:\Users\Michael Nightmare\Documents\GitHub\ZeldaBattleCloneProto\Zelda Clone\Engine\x64\Debug\vc140.pdb'; linking object as if no debug info
sfml-graphics-s-d.lib(Sprite.cpp.obj) : warning LNK4099: PDB 'vc140.pdb' was not found with 'sfml-graphics-s-d.lib(Sprite.cpp.obj)' or at 'C:\Users\Michael Nightmare\Documents\GitHub\ZeldaBattleCloneProto\Zelda Clone\Engine\x64\Debug\vc140.pdb'; linking object as if no debug info
sfml-graphics-s-d.lib(Text.cpp.obj) : warning LNK4099: PDB 'vc140.pdb' was not found with 'sfml-graphics-s-d.lib(Text.cpp.obj)' or at 'C:\Users\Michael Nightmare\Documents\GitHub\ZeldaBattleCloneProto\Zelda Clone\Engine\x64\Debug\vc140.pdb'; linking object as if no debug info
sfml-graphics-s-d.lib(VertexArray.cpp.obj) : warning LNK4099: PDB 'vc140.pdb' was not found with 'sfml-graphics-s-d.lib(VertexArray.cpp.obj)' or at 'C:\Users\Michael Nightmare\Documents\GitHub\ZeldaBattleCloneProto\Zelda Clone\Engine\x64\Debug\vc140.pdb'; linking object as if no debug info
sfml-window-s-d.lib(Context.cpp.obj) : warning LNK4099: PDB 'vc140.pdb' was not found with 'sfml-window-s-d.lib(Context.cpp.obj)' or at 'C:\Users\Michael Nightmare\Documents\GitHub\ZeldaBattleCloneProto\Zelda Clone\Engine\x64\Debug\vc140.pdb'; linking object as if no debug info
sfml-window-s-d.lib(GlContext.cpp.obj) : warning LNK4099: PDB 'vc140.pdb' was not found with 'sfml-window-s-d.lib(GlContext.cpp.obj)' or at 'C:\Users\Michael Nightmare\Documents\GitHub\ZeldaBattleCloneProto\Zelda Clone\Engine\x64\Debug\vc140.pdb'; linking object as if no debug info
sfml-window-s-d.lib(GlResource.cpp.obj) : warning LNK4099: PDB 'vc140.pdb' was not found with 'sfml-window-s-d.lib(GlResource.cpp.obj)' or at 'C:\Users\Michael Nightmare\Documents\GitHub\ZeldaBattleCloneProto\Zelda Clone\Engine\x64\Debug\vc140.pdb'; linking object as if no debug info
sfml-window-s-d.lib(Joystick.cpp.obj) : warning LNK4099: PDB 'vc140.pdb' was not found with 'sfml-window-s-d.lib(Joystick.cpp.obj)' or at 'C:\Users\Michael Nightmare\Documents\GitHub\ZeldaBattleCloneProto\Zelda Clone\Engine\x64\Debug\vc140.pdb'; linking object as if no debug info
sfml-window-s-d.lib(JoystickManager.cpp.obj) : warning LNK4099: PDB 'vc140.pdb' was not found with 'sfml-window-s-d.lib(JoystickManager.cpp.obj)' or at 'C:\Users\Michael Nightmare\Documents\GitHub\ZeldaBattleCloneProto\Zelda Clone\Engine\x64\Debug\vc140.pdb'; linking object as if no debug info
sfml-window-s-d.lib(Keyboard.cpp.obj) : warning LNK4099: PDB 'vc140.pdb' was not found with 'sfml-window-s-d.lib(Keyboard.cpp.obj)' or at 'C:\Users\Michael Nightmare\Documents\GitHub\ZeldaBattleCloneProto\Zelda Clone\Engine\x64\Debug\vc140.pdb'; linking object as if no debug info
sfml-window-s-d.lib(Mouse.cpp.obj) : warning LNK4099: PDB 'vc140.pdb' was not found with 'sfml-window-s-d.lib(Mouse.cpp.obj)' or at 'C:\Users\Michael Nightmare\Documents\GitHub\ZeldaBattleCloneProto\Zelda Clone\Engine\x64\Debug\vc140.pdb'; linking object as if no debug info
sfml-window-s-d.lib(SensorManager.cpp.obj) : warning LNK4099: PDB 'vc140.pdb' was not found with 'sfml-window-s-d.lib(SensorManager.cpp.obj)' or at 'C:\Users\Michael Nightmare\Documents\GitHub\ZeldaBattleCloneProto\Zelda Clone\Engine\x64\Debug\vc140.pdb'; linking object as if no debug info
sfml-window-s-d.lib(VideoMode.cpp.obj) : warning LNK4099: PDB 'vc140.pdb' was not found with 'sfml-window-s-d.lib(VideoMode.cpp.obj)' or at 'C:\Users\Michael Nightmare\Documents\GitHub\ZeldaBattleCloneProto\Zelda Clone\Engine\x64\Debug\vc140.pdb'; linking object as if no debug info
sfml-window-s-d.lib(Window.cpp.obj) : warning LNK4099: PDB 'vc140.pdb' was not found with 'sfml-window-s-d.lib(Window.cpp.obj)' or at 'C:\Users\Michael Nightmare\Documents\GitHub\ZeldaBattleCloneProto\Zelda Clone\Engine\x64\Debug\vc140.pdb'; linking object as if no debug info
sfml-window-s-d.lib(WindowImpl.cpp.obj) : warning LNK4099: PDB 'vc140.pdb' was not found with 'sfml-window-s-d.lib(WindowImpl.cpp.obj)' or at 'C:\Users\Michael Nightmare\Documents\GitHub\ZeldaBattleCloneProto\Zelda Clone\Engine\x64\Debug\vc140.pdb'; linking object as if no debug info
sfml-window-s-d.lib(WglContext.cpp.obj) : warning LNK4099: PDB 'vc140.pdb' was not found with 'sfml-window-s-d.lib(WglContext.cpp.obj)' or at 'C:\Users\Michael Nightmare\Documents\GitHub\ZeldaBattleCloneProto\Zelda Clone\Engine\x64\Debug\vc140.pdb'; linking object as if no debug info
sfml-window-s-d.lib(WglExtensions.cpp.obj) : warning LNK4099: PDB 'vc140.pdb' was not found with 'sfml-window-s-d.lib(WglExtensions.cpp.obj)' or at 'C:\Users\Michael Nightmare\Documents\GitHub\ZeldaBattleCloneProto\Zelda Clone\Engine\x64\Debug\vc140.pdb'; linking object as if no debug info
sfml-window-s-d.lib(InputImpl.cpp.obj) : warning LNK4099: PDB 'vc140.pdb' was not found with 'sfml-window-s-d.lib(InputImpl.cpp.obj)' or at 'C:\Users\Michael Nightmare\Documents\GitHub\ZeldaBattleCloneProto\Zelda Clone\Engine\x64\Debug\vc140.pdb'; linking object as if no debug info
sfml-window-s-d.lib(JoystickImpl.cpp.obj) : warning LNK4099: PDB 'vc140.pdb' was not found with 'sfml-window-s-d.lib(JoystickImpl.cpp.obj)' or at 'C:\Users\Michael Nightmare\Documents\GitHub\ZeldaBattleCloneProto\Zelda Clone\Engine\x64\Debug\vc140.pdb'; linking object as if no debug info
sfml-window-s-d.lib(SensorImpl.cpp.obj) : warning LNK4099: PDB 'vc140.pdb' was not found with 'sfml-window-s-d.lib(SensorImpl.cpp.obj)' or at 'C:\Users\Michael Nightmare\Documents\GitHub\ZeldaBattleCloneProto\Zelda Clone\Engine\x64\Debug\vc140.pdb'; linking object as if no debug info
sfml-window-s-d.lib(VideoModeImpl.cpp.obj) : warning LNK4099: PDB 'vc140.pdb' was not found with 'sfml-window-s-d.lib(VideoModeImpl.cpp.obj)' or at 'C:\Users\Michael Nightmare\Documents\GitHub\ZeldaBattleCloneProto\Zelda Clone\Engine\x64\Debug\vc140.pdb'; linking object as if no debug info
sfml-window-s-d.lib(WindowImplWin32.cpp.obj) : warning LNK4099: PDB 'vc140.pdb' was not found with 'sfml-window-s-d.lib(WindowImplWin32.cpp.obj)' or at 'C:\Users\Michael Nightmare\Documents\GitHub\ZeldaBattleCloneProto\Zelda Clone\Engine\x64\Debug\vc140.pdb'; linking object as if no debug info
sfml-audio-s-d.lib(ALCheck.cpp.obj) : warning LNK4099: PDB 'vc140.pdb' was not found with 'sfml-audio-s-d.lib(ALCheck.cpp.obj)' or at 'C:\Users\Michael Nightmare\Documents\GitHub\ZeldaBattleCloneProto\Zelda Clone\Engine\x64\Debug\vc140.pdb'; linking object as if no debug info
sfml-audio-s-d.lib(AlResource.cpp.obj) : warning LNK4099: PDB 'vc140.pdb' was not found with 'sfml-audio-s-d.lib(AlResource.cpp.obj)' or at 'C:\Users\Michael Nightmare\Documents\GitHub\ZeldaBattleCloneProto\Zelda Clone\Engine\x64\Debug\vc140.pdb'; linking object as if no debug info
sfml-audio-s-d.lib(AudioDevice.cpp.obj) : warning LNK4099: PDB 'vc140.pdb' was not found with 'sfml-audio-s-d.lib(AudioDevice.cpp.obj)' or at 'C:\Users\Michael Nightmare\Documents\GitHub\ZeldaBattleCloneProto\Zelda Clone\Engine\x64\Debug\vc140.pdb'; linking object as if no debug info
sfml-audio-s-d.lib(Music.cpp.obj) : warning LNK4099: PDB 'vc140.pdb' was not found with 'sfml-audio-s-d.lib(Music.cpp.obj)' or at 'C:\Users\Michael Nightmare\Documents\GitHub\ZeldaBattleCloneProto\Zelda Clone\Engine\x64\Debug\vc140.pdb'; linking object as if no debug info
sfml-audio-s-d.lib(Sound.cpp.obj) : warning LNK4099: PDB 'vc140.pdb' was not found with 'sfml-audio-s-d.lib(Sound.cpp.obj)' or at 'C:\Users\Michael Nightmare\Documents\GitHub\ZeldaBattleCloneProto\Zelda Clone\Engine\x64\Debug\vc140.pdb'; linking object as if no debug info
sfml-audio-s-d.lib(SoundBuffer.cpp.obj) : warning LNK4099: PDB 'vc140.pdb' was not found with 'sfml-audio-s-d.lib(SoundBuffer.cpp.obj)' or at 'C:\Users\Michael Nightmare\Documents\GitHub\ZeldaBattleCloneProto\Zelda Clone\Engine\x64\Debug\vc140.pdb'; linking object as if no debug info
sfml-audio-s-d.lib(InputSoundFile.cpp.obj) : warning LNK4099: PDB 'vc140.pdb' was not found with 'sfml-audio-s-d.lib(InputSoundFile.cpp.obj)' or at 'C:\Users\Michael Nightmare\Documents\GitHub\ZeldaBattleCloneProto\Zelda Clone\Engine\x64\Debug\vc140.pdb'; linking object as if no debug info
sfml-audio-s-d.lib(OutputSoundFile.cpp.obj) : warning LNK4099: PDB 'vc140.pdb' was not found with 'sfml-audio-s-d.lib(OutputSoundFile.cpp.obj)' or at 'C:\Users\Michael Nightmare\Documents\GitHub\ZeldaBattleCloneProto\Zelda Clone\Engine\x64\Debug\vc140.pdb'; linking object as if no debug info
sfml-audio-s-d.lib(SoundSource.cpp.obj) : warning LNK4099: PDB 'vc140.pdb' was not found with 'sfml-audio-s-d.lib(SoundSource.cpp.obj)' or at 'C:\Users\Michael Nightmare\Documents\GitHub\ZeldaBattleCloneProto\Zelda Clone\Engine\x64\Debug\vc140.pdb'; linking object as if no debug info
sfml-audio-s-d.lib(SoundStream.cpp.obj) : warning LNK4099: PDB 'vc140.pdb' was not found with 'sfml-audio-s-d.lib(SoundStream.cpp.obj)' or at 'C:\Users\Michael Nightmare\Documents\GitHub\ZeldaBattleCloneProto\Zelda Clone\Engine\x64\Debug\vc140.pdb'; linking object as if no debug info
sfml-audio-s-d.lib(SoundFileFactory.cpp.obj) : warning LNK4099: PDB 'vc140.pdb' was not found with 'sfml-audio-s-d.lib(SoundFileFactory.cpp.obj)' or at 'C:\Users\Michael Nightmare\Documents\GitHub\ZeldaBattleCloneProto\Zelda Clone\Engine\x64\Debug\vc140.pdb'; linking object as if no debug info
sfml-audio-s-d.lib(SoundFileReaderFlac.cpp.obj) : warning LNK4099: PDB 'vc140.pdb' was not found with 'sfml-audio-s-d.lib(SoundFileReaderFlac.cpp.obj)' or at 'C:\Users\Michael Nightmare\Documents\GitHub\ZeldaBattleCloneProto\Zelda Clone\Engine\x64\Debug\vc140.pdb'; linking object as if no debug info
sfml-audio-s-d.lib(SoundFileReaderOgg.cpp.obj) : warning LNK4099: PDB 'vc140.pdb' was not found with 'sfml-audio-s-d.lib(SoundFileReaderOgg.cpp.obj)' or at 'C:\Users\Michael Nightmare\Documents\GitHub\ZeldaBattleCloneProto\Zelda Clone\Engine\x64\Debug\vc140.pdb'; linking object as if no debug info
sfml-audio-s-d.lib(SoundFileReaderWav.cpp.obj) : warning LNK4099: PDB 'vc140.pdb' was not found with 'sfml-audio-s-d.lib(SoundFileReaderWav.cpp.obj)' or at 'C:\Users\Michael Nightmare\Documents\GitHub\ZeldaBattleCloneProto\Zelda Clone\Engine\x64\Debug\vc140.pdb'; linking object as if no debug info
sfml-audio-s-d.lib(SoundFileWriterFlac.cpp.obj) : warning LNK4099: PDB 'vc140.pdb' was not found with 'sfml-audio-s-d.lib(SoundFileWriterFlac.cpp.obj)' or at 'C:\Users\Michael Nightmare\Documents\GitHub\ZeldaBattleCloneProto\Zelda Clone\Engine\x64\Debug\vc140.pdb'; linking object as if no debug info
sfml-audio-s-d.lib(SoundFileWriterOgg.cpp.obj) : warning LNK4099: PDB 'vc140.pdb' was not found with 'sfml-audio-s-d.lib(SoundFileWriterOgg.cpp.obj)' or at 'C:\Users\Michael Nightmare\Documents\GitHub\ZeldaBattleCloneProto\Zelda Clone\Engine\x64\Debug\vc140.pdb'; linking object as if no debug info
sfml-audio-s-d.lib(SoundFileWriterWav.cpp.obj) : warning LNK4099: PDB 'vc140.pdb' was not found with 'sfml-audio-s-d.lib(SoundFileWriterWav.cpp.obj)' or at 'C:\Users\Michael Nightmare\Documents\GitHub\ZeldaBattleCloneProto\Zelda Clone\Engine\x64\Debug\vc140.pdb'; linking object as if no debug info
sfml-system-s-d.lib(Clock.cpp.obj) : warning LNK4099: PDB 'vc140.pdb' was not found with 'sfml-system-s-d.lib(Clock.cpp.obj)' or at 'C:\Users\Michael Nightmare\Documents\GitHub\ZeldaBattleCloneProto\Zelda Clone\Engine\x64\Debug\vc140.pdb'; linking object as if no debug info
sfml-system-s-d.lib(Err.cpp.obj) : warning LNK4099: PDB 'vc140.pdb' was not found with 'sfml-system-s-d.lib(Err.cpp.obj)' or at 'C:\Users\Michael Nightmare\Documents\GitHub\ZeldaBattleCloneProto\Zelda Clone\Engine\x64\Debug\vc140.pdb'; linking object as if no debug info
sfml-system-s-d.lib(Lock.cpp.obj) : warning LNK4099: PDB 'vc140.pdb' was not found with 'sfml-system-s-d.lib(Lock.cpp.obj)' or at 'C:\Users\Michael Nightmare\Documents\GitHub\ZeldaBattleCloneProto\Zelda Clone\Engine\x64\Debug\vc140.pdb'; linking object as if no debug info
sfml-system-s-d.lib(Mutex.cpp.obj) : warning LNK4099: PDB 'vc140.pdb' was not found with 'sfml-system-s-d.lib(Mutex.cpp.obj)' or at 'C:\Users\Michael Nightmare\Documents\GitHub\ZeldaBattleCloneProto\Zelda Clone\Engine\x64\Debug\vc140.pdb'; linking object as if no debug info
sfml-system-s-d.lib(Sleep.cpp.obj) : warning LNK4099: PDB 'vc140.pdb' was not found with 'sfml-system-s-d.lib(Sleep.cpp.obj)' or at 'C:\Users\Michael Nightmare\Documents\GitHub\ZeldaBattleCloneProto\Zelda Clone\Engine\x64\Debug\vc140.pdb'; linking object as if no debug info
sfml-system-s-d.lib(String.cpp.obj) : warning LNK4099: PDB 'vc140.pdb' was not found with 'sfml-system-s-d.lib(String.cpp.obj)' or at 'C:\Users\Michael Nightmare\Documents\GitHub\ZeldaBattleCloneProto\Zelda Clone\Engine\x64\Debug\vc140.pdb'; linking object as if no debug info
sfml-system-s-d.lib(Thread.cpp.obj) : warning LNK4099: PDB 'vc140.pdb' was not found with 'sfml-system-s-d.lib(Thread.cpp.obj)' or at 'C:\Users\Michael Nightmare\Documents\GitHub\ZeldaBattleCloneProto\Zelda Clone\Engine\x64\Debug\vc140.pdb'; linking object as if no debug info
sfml-system-s-d.lib(ThreadLocal.cpp.obj) : warning LNK4099: PDB 'vc140.pdb' was not found with 'sfml-system-s-d.lib(ThreadLocal.cpp.obj)' or at 'C:\Users\Michael Nightmare\Documents\GitHub\ZeldaBattleCloneProto\Zelda Clone\Engine\x64\Debug\vc140.pdb'; linking object as if no debug info
sfml-system-s-d.lib(Time.cpp.obj) : warning LNK4099: PDB 'vc140.pdb' was not found with 'sfml-system-s-d.lib(Time.cpp.obj)' or at 'C:\Users\Michael Nightmare\Documents\GitHub\ZeldaBattleCloneProto\Zelda Clone\Engine\x64\Debug\vc140.pdb'; linking object as if no debug info
sfml-system-s-d.lib(FileInputStream.cpp.obj) : warning LNK4099: PDB 'vc140.pdb' was not found with 'sfml-system-s-d.lib(FileInputStream.cpp.obj)' or at 'C:\Users\Michael Nightmare\Documents\GitHub\ZeldaBattleCloneProto\Zelda Clone\Engine\x64\Debug\vc140.pdb'; linking object as if no debug info
sfml-system-s-d.lib(MemoryInputStream.cpp.obj) : warning LNK4099: PDB 'vc140.pdb' was not found with 'sfml-system-s-d.lib(MemoryInputStream.cpp.obj)' or at 'C:\Users\Michael Nightmare\Documents\GitHub\ZeldaBattleCloneProto\Zelda Clone\Engine\x64\Debug\vc140.pdb'; linking object as if no debug info
sfml-system-s-d.lib(ClockImpl.cpp.obj) : warning LNK4099: PDB 'vc140.pdb' was not found with 'sfml-system-s-d.lib(ClockImpl.cpp.obj)' or at 'C:\Users\Michael Nightmare\Documents\GitHub\ZeldaBattleCloneProto\Zelda Clone\Engine\x64\Debug\vc140.pdb'; linking object as if no debug info
sfml-system-s-d.lib(MutexImpl.cpp.obj) : warning LNK4099: PDB 'vc140.pdb' was not found with 'sfml-system-s-d.lib(MutexImpl.cpp.obj)' or at 'C:\Users\Michael Nightmare\Documents\GitHub\ZeldaBattleCloneProto\Zelda Clone\Engine\x64\Debug\vc140.pdb'; linking object as if no debug info
sfml-system-s-d.lib(SleepImpl.cpp.obj) : warning LNK4099: PDB 'vc140.pdb' was not found with 'sfml-system-s-d.lib(SleepImpl.cpp.obj)' or at 'C:\Users\Michael Nightmare\Documents\GitHub\ZeldaBattleCloneProto\Zelda Clone\Engine\x64\Debug\vc140.pdb'; linking object as if no debug info
sfml-system-s-d.lib(ThreadImpl.cpp.obj) : warning LNK4099: PDB 'vc140.pdb' was not found with 'sfml-system-s-d.lib(ThreadImpl.cpp.obj)' or at 'C:\Users\Michael Nightmare\Documents\GitHub\ZeldaBattleCloneProto\Zelda Clone\Engine\x64\Debug\vc140.pdb'; linking object as if no debug info
sfml-system-s-d.lib(ThreadLocalImpl.cpp.obj) : warning LNK4099: PDB 'vc140.pdb' was not found with 'sfml-system-s-d.lib(ThreadLocalImpl.cpp.obj)' or at 'C:\Users\Michael Nightmare\Documents\GitHub\ZeldaBattleCloneProto\Zelda Clone\Engine\x64\Debug\vc140.pdb'; linking object as if no debug info
  Engine.vcxproj -> C:\Users\Michael Nightmare\Documents\GitHub\ZeldaBattleCloneProto\Zelda Clone\Engine\x64\Debug\Engine.exe
