c:\users\michael nightmare\desktop\zelda clone\engine\x64\debug\vc141.pdb
c:\users\michael nightmare\desktop\zelda clone\engine\x64\debug\vc141.idb
c:\users\michael nightmare\desktop\zelda clone\engine\x64\debug\animator.obj
c:\users\michael nightmare\desktop\zelda clone\engine\x64\debug\boss.obj
c:\users\michael nightmare\desktop\zelda clone\engine\x64\debug\collectible.obj
c:\users\michael nightmare\desktop\zelda clone\engine\x64\debug\collider.obj
c:\users\michael nightmare\desktop\zelda clone\engine\x64\debug\enemy.obj
c:\users\michael nightmare\desktop\zelda clone\engine\x64\debug\enemyprojectiles.obj
c:\users\michael nightmare\desktop\zelda clone\engine\x64\debug\engine.obj
c:\users\michael nightmare\desktop\zelda clone\engine\x64\debug\game.obj
c:\users\michael nightmare\desktop\zelda clone\engine\x64\debug\gameobjects.obj
c:\users\michael nightmare\desktop\zelda clone\engine\x64\debug\arrow.obj
c:\users\michael nightmare\desktop\zelda clone\engine\x64\debug\levelhazards.obj
c:\users\michael nightmare\desktop\zelda clone\engine\x64\debug\noninteractive.obj
c:\users\michael nightmare\desktop\zelda clone\engine\x64\debug\boarder.obj
c:\users\michael nightmare\desktop\zelda clone\engine\x64\debug\player.obj
c:\users\michael nightmare\desktop\zelda clone\engine\x64\debug\randos.obj
c:\users\michael nightmare\desktop\zelda clone\engine\x64\debug\stdafx.obj
c:\users\michael nightmare\desktop\zelda clone\engine\x64\debug\swordswipe.obj
c:\users\michael nightmare\desktop\zelda clone\engine\x64\debug\engine.ilk
c:\users\michael nightmare\desktop\zelda clone\engine\x64\debug\engine.exe
c:\users\michael nightmare\desktop\zelda clone\engine\x64\debug\engine.pdb
c:\users\michael nightmare\desktop\zelda clone\engine\x64\debug\engine.tlog\cl.command.1.tlog
c:\users\michael nightmare\desktop\zelda clone\engine\x64\debug\engine.tlog\cl.read.1.tlog
c:\users\michael nightmare\desktop\zelda clone\engine\x64\debug\engine.tlog\cl.write.1.tlog
c:\users\michael nightmare\desktop\zelda clone\engine\x64\debug\engine.tlog\link.command.1.tlog
c:\users\michael nightmare\desktop\zelda clone\engine\x64\debug\engine.tlog\link.read.1.tlog
c:\users\michael nightmare\desktop\zelda clone\engine\x64\debug\engine.tlog\link.write.1.tlog
